
================================================================
======== txAdmin Starting - 17/4/2568 11:48:52                  
================================================================

================================================================
======== txAdmin Starting - 17/4/2568 11:52:39                  
================================================================
[11:54:10] txAdmin: Logger started
[11:55:08] txAdmin: ((Broadcast) txAdmin): said "Due to a partial hang, this server will restart in 1 minute. Please disconnect now."
[11:55:15] txAdmin: Logger started
[11:55:58] txAdmin: Logger started
[11:56:57] txAdmin: ((Broadcast) txAdmin): said "Due to a partial hang, this server will restart in 1 minute. Please disconnect now."
[11:57:05] txAdmin: Logger started
[11:58:03] txAdmin: ((Broadcast) txAdmin): said "Due to a partial hang, this server will restart in 1 minute. Please disconnect now."
[11:58:11] txAdmin: Logger started

================================================================
======== txAdmin Starting - 17/4/2568 12:56:33                  
================================================================
[12:56:45] txAdmin: Logger started
[12:57:11] [XGykc#1] Sixnumz Starwales: joined with identifiers [license:a14217c997d787337fb75c8efffe14f8e00dd3c8; discord:1071126880146702427; license2:a14217c997d787337fb75c8efffe14f8e00dd3c8]
[12:58:40] [XGykc#1] Sixnumz Starwales: disconnected (Exiting)
